TN:
SF:src\actuators\FlashlightSubscriber.js
FN:17,(anonymous_0)
FN:26,(anonymous_1)
FN:27,(anonymous_2)
FN:41,(anonymous_3)
FN:58,(anonymous_4)
FN:60,(anonymous_5)
FNF:6
FNH:2
FNDA:2,(anonymous_0)
FNDA:1,(anonymous_1)
FNDA:0,(anonymous_2)
FNDA:0,(anonymous_3)
FNDA:0,(anonymous_4)
FNDA:0,(anonymous_5)
DA:1,1
DA:2,1
DA:18,2
DA:19,2
DA:22,2
DA:24,2
DA:26,1
DA:27,1
DA:29,0
DA:30,0
DA:33,0
DA:34,0
DA:42,0
DA:45,0
DA:49,1
DA:60,0
DA:62,0
DA:71,1
LF:18
LH:10
BRDA:24,0,0,1
BRDA:24,0,1,1
BRDA:29,1,0,0
BRDA:29,1,1,0
BRF:4
BRH:2
end_of_record
TN:
SF:src\actuators\ImageSubscriber.js
FN:25,(anonymous_0)
FN:44,(anonymous_1)
FN:53,(anonymous_2)
FN:84,(anonymous_3)
FN:92,(anonymous_4)
FN:97,(anonymous_5)
FN:101,(anonymous_6)
FN:117,(anonymous_7)
FNF:8
FNH:5
FNDA:7,(anonymous_0)
FNDA:6,(anonymous_1)
FNDA:2,(anonymous_2)
FNDA:2,(anonymous_3)
FNDA:0,(anonymous_4)
FNDA:0,(anonymous_5)
FNDA:0,(anonymous_6)
FNDA:6,(anonymous_7)
DA:1,1
DA:2,1
DA:26,7
DA:28,7
DA:29,1
DA:32,6
DA:34,6
DA:35,6
DA:37,6
DA:45,6
DA:56,2
DA:57,1
DA:60,1
DA:61,1
DA:62,1
DA:63,1
DA:66,1
DA:67,1
DA:68,1
DA:71,1
DA:75,2
DA:85,2
DA:93,0
DA:94,0
DA:95,0
DA:97,0
DA:98,0
DA:101,0
DA:102,0
DA:105,0
DA:119,6
DA:120,1
DA:122,5
DA:124,5
DA:128,5
DA:130,5
DA:131,5
DA:132,140
DA:133,30
DA:134,30
DA:137,110
DA:138,110
DA:141,5
DA:145,1
LF:44
LH:36
BRDA:25,0,0,3
BRDA:28,1,0,1
BRDA:28,1,1,6
BRDA:45,2,0,4
BRDA:45,2,1,2
BRDA:56,3,0,1
BRDA:56,3,1,1
BRDA:119,4,0,1
BRDA:119,4,1,5
BRDA:119,5,0,6
BRDA:119,5,1,3
BRDA:132,6,0,30
BRDA:132,6,1,110
BRDA:132,7,0,140
BRDA:132,7,1,120
BRF:15
BRH:15
end_of_record
TN:
SF:src\actuators\Subscriber.js
FN:11,(anonymous_0)
FN:49,(anonymous_1)
FN:56,(anonymous_2)
FN:67,(anonymous_3)
FNF:4
FNH:3
FNDA:22,(anonymous_0)
FNDA:0,(anonymous_1)
FNDA:5,(anonymous_2)
FNDA:3,(anonymous_3)
DA:12,22
DA:13,2
DA:15,20
DA:16,2
DA:22,18
DA:27,18
DA:32,18
DA:40,18
DA:42,18
DA:50,0
DA:57,5
DA:58,1
DA:60,4
DA:61,4
DA:68,3
DA:69,2
DA:71,1
DA:72,1
DA:76,1
LF:19
LH:18
BRDA:12,0,0,2
BRDA:12,0,1,20
BRDA:15,1,0,2
BRDA:15,1,1,18
BRDA:57,2,0,1
BRDA:57,2,1,4
BRDA:68,3,0,2
BRDA:68,3,1,1
BRF:8
BRH:8
end_of_record
TN:
SF:src\actuators\TextSubscriber.js
FN:17,(anonymous_0)
FN:34,(anonymous_1)
FNF:2
FNH:2
FNDA:5,(anonymous_0)
FNDA:1,(anonymous_1)
DA:1,1
DA:18,5
DA:20,5
DA:21,2
DA:24,3
DA:26,3
DA:35,1
DA:39,1
LF:8
LH:8
BRDA:20,0,0,2
BRDA:20,0,1,3
BRF:2
BRH:2
end_of_record
TN:
SF:src\error\NotSupportedError.js
FN:10,(anonymous_0)
FNF:1
FNH:1
FNDA:4,(anonymous_0)
DA:11,4
DA:13,4
DA:17,1
LF:3
LH:3
BRF:0
BRH:0
end_of_record
TN:
SF:src\error\PermissionDeniedError.js
FN:10,(anonymous_0)
FNF:1
FNH:0
FNDA:0,(anonymous_0)
DA:11,0
DA:13,0
DA:17,1
LF:3
LH:1
BRF:0
BRH:0
end_of_record
TN:
SF:src\sensors\AmbientLightPublisher.js
FN:26,(anonymous_0)
FN:41,(anonymous_1)
FN:42,(anonymous_2)
FN:53,(anonymous_3)
FN:58,(anonymous_4)
FN:67,(anonymous_5)
FNF:6
FNH:4
FNDA:5,(anonymous_0)
FNDA:2,(anonymous_1)
FNDA:0,(anonymous_2)
FNDA:1,(anonymous_3)
FNDA:0,(anonymous_4)
FNDA:1,(anonymous_5)
DA:2,1
DA:3,1
DA:28,5
DA:29,1
DA:32,4
DA:33,4
DA:35,4
DA:42,2
DA:43,0
DA:45,2
DA:47,2
DA:54,1
DA:56,1
DA:58,1
DA:59,0
DA:68,1
DA:71,1
DA:72,1
DA:76,1
LF:19
LH:17
BRDA:26,0,0,5
BRDA:28,1,0,1
BRDA:28,1,1,4
BRF:3
BRH:3
end_of_record
TN:
SF:src\sensors\ButtonPublisher.js
FN:19,(anonymous_0)
FN:40,(anonymous_1)
FN:56,(anonymous_2)
FN:72,(anonymous_3)
FN:86,(anonymous_4)
FNF:5
FNH:5
FNDA:21,(anonymous_0)
FNDA:6,(anonymous_1)
FNDA:6,(anonymous_2)
FNDA:18,(anonymous_3)
FNDA:3,(anonymous_4)
DA:1,1
DA:20,21
DA:22,21
DA:23,2
DA:26,19
DA:31,19
DA:34,19
DA:40,19
DA:41,6
DA:42,6
DA:43,1
DA:45,5
DA:46,5
DA:49,5
DA:56,19
DA:57,6
DA:58,6
DA:59,5
DA:61,1
DA:62,1
DA:65,1
DA:73,18
DA:74,18
DA:75,18
DA:76,18
DA:77,18
DA:78,18
DA:80,18
DA:87,3
DA:89,3
DA:90,3
DA:91,3
DA:92,3
DA:93,3
DA:94,3
DA:98,1
LF:36
LH:36
BRDA:22,0,0,2
BRDA:22,0,1,19
BRDA:42,1,0,1
BRDA:42,1,1,5
BRDA:58,2,0,5
BRDA:58,2,1,1
BRF:6
BRH:6
end_of_record
TN:
SF:src\sensors\CameraPublisher.js
FN:19,(anonymous_0)
FN:39,(anonymous_1)
FN:50,(anonymous_2)
FN:77,(anonymous_3)
FNF:4
FNH:3
FNDA:7,(anonymous_0)
FNDA:3,(anonymous_1)
FNDA:0,(anonymous_2)
FNDA:1,(anonymous_3)
DA:1,1
DA:20,7
DA:22,7
DA:23,2
DA:25,5
DA:26,2
DA:28,3
DA:29,3
DA:31,3
DA:41,3
DA:42,1
DA:44,2
DA:52,0
DA:55,0
DA:57,0
DA:62,0
DA:63,0
DA:78,1
DA:79,1
DA:81,1
DA:82,1
DA:83,1
DA:84,1
DA:86,1
DA:91,1
LF:25
LH:20
BRDA:19,0,0,7
BRDA:22,1,0,2
BRDA:22,1,1,5
BRDA:25,2,0,2
BRDA:25,2,1,3
BRDA:41,3,0,1
BRDA:41,3,1,2
BRF:7
BRH:7
end_of_record
TN:
SF:src\sensors\CheckboxPublisher.js
FN:19,(anonymous_0)
FN:37,(anonymous_1)
FN:49,(anonymous_2)
FN:58,(anonymous_3)
FN:68,(anonymous_4)
FNF:5
FNH:5
FNDA:10,(anonymous_0)
FNDA:6,(anonymous_1)
FNDA:7,(anonymous_2)
FNDA:1,(anonymous_3)
FNDA:6,(anonymous_4)
DA:1,1
DA:20,10
DA:22,10
DA:23,2
DA:26,8
DA:31,8
DA:37,8
DA:38,6
DA:39,1
DA:41,5
DA:50,7
DA:52,7
DA:59,1
DA:61,1
DA:69,6
DA:72,6
DA:76,1
LF:17
LH:17
BRDA:22,0,0,2
BRDA:22,0,1,8
BRDA:22,1,0,10
BRDA:22,1,1,8
BRDA:22,1,2,8
BRDA:38,2,0,1
BRDA:38,2,1,5
BRF:7
BRH:7
end_of_record
TN:
SF:src\sensors\CompassPublisher.js
FN:26,(anonymous_0)
FN:38,(anonymous_1)
FN:50,(anonymous_2)
FN:62,(anonymous_3)
FN:65,(anonymous_4)
FN:75,(anonymous_5)
FN:78,(anonymous_6)
FN:85,(anonymous_7)
FN:104,(anonymous_8)
FN:112,(anonymous_9)
FN:135,(anonymous_10)
FNF:11
FNH:6
FNDA:9,(anonymous_0)
FNDA:5,(anonymous_1)
FNDA:0,(anonymous_2)
FNDA:2,(anonymous_3)
FNDA:0,(anonymous_4)
FNDA:0,(anonymous_5)
FNDA:0,(anonymous_6)
FNDA:0,(anonymous_7)
FNDA:2,(anonymous_8)
FNDA:2,(anonymous_9)
FNDA:2,(anonymous_10)
DA:8,1
DA:9,1
DA:27,9
DA:29,9
DA:32,9
DA:45,5
DA:47,0
DA:50,5
DA:51,0
DA:52,0
DA:56,5
DA:63,2
DA:65,2
DA:66,0
DA:67,0
DA:76,0
DA:77,0
DA:78,0
DA:79,0
DA:81,0
DA:85,0
DA:86,0
DA:87,0
DA:88,0
DA:90,0
DA:95,0
DA:105,2
DA:106,2
DA:113,2
DA:114,1
DA:117,1
DA:121,1
DA:122,1
DA:136,2
DA:137,2
DA:138,2
DA:139,2
DA:141,2
DA:145,1
LF:39
LH:23
BRDA:26,0,0,9
BRDA:45,1,0,0
BRDA:45,1,1,5
BRDA:45,2,0,5
BRDA:45,2,1,5
BRDA:51,3,0,0
BRDA:51,3,1,0
BRDA:66,4,0,0
BRDA:66,4,1,0
BRDA:79,5,0,0
BRDA:79,5,1,0
BRDA:79,6,0,0
BRDA:79,6,1,0
BRDA:86,7,0,0
BRDA:86,7,1,0
BRDA:113,8,0,1
BRDA:113,8,1,1
BRF:17
BRH:6
end_of_record
TN:
SF:src\sensors\CoordinateCompassPublisher.js
FN:32,(anonymous_0)
FN:77,(anonymous_1)
FN:78,(anonymous_2)
FN:86,(anonymous_3)
FN:96,(anonymous_4)
FN:105,(anonymous_5)
FN:108,(anonymous_6)
FN:115,(anonymous_7)
FN:134,(anonymous_8)
FN:173,(anonymous_9)
FN:186,(anonymous_10)
FN:195,(anonymous_11)
FN:210,(anonymous_12)
FN:234,(anonymous_13)
FNF:14
FNH:10
FNDA:15,(anonymous_0)
FNDA:2,(anonymous_1)
FNDA:0,(anonymous_2)
FNDA:0,(anonymous_3)
FNDA:1,(anonymous_4)
FNDA:2,(anonymous_5)
FNDA:0,(anonymous_6)
FNDA:0,(anonymous_7)
FNDA:3,(anonymous_8)
FNDA:2,(anonymous_9)
FNDA:1,(anonymous_10)
FNDA:12,(anonymous_11)
FNDA:1,(anonymous_12)
FNDA:1,(anonymous_13)
DA:8,1
DA:9,1
DA:10,1
DA:33,15
DA:35,15
DA:36,0
DA:39,15
DA:40,2
DA:43,13
DA:46,13
DA:47,13
DA:48,13
DA:51,13
DA:52,13
DA:55,13
DA:63,13
DA:64,2
DA:68,13
DA:69,0
DA:78,2
DA:79,0
DA:80,0
DA:84,2
DA:87,0
DA:90,2
DA:97,1
DA:99,1
DA:106,2
DA:107,2
DA:108,2
DA:109,0
DA:111,0
DA:115,0
DA:116,0
DA:117,0
DA:118,0
DA:120,0
DA:125,2
DA:135,3
DA:136,1
DA:143,2
DA:144,2
DA:145,2
DA:146,2
DA:148,2
DA:154,2
DA:157,2
DA:159,2
DA:160,0
DA:163,2
DA:174,2
DA:175,2
DA:177,2
DA:187,1
DA:188,1
DA:197,12
DA:201,12
DA:202,5
DA:204,12
DA:211,1
DA:212,0
DA:215,1
DA:217,1
DA:221,1
DA:222,1
DA:235,1
DA:236,1
DA:238,1
DA:239,1
DA:241,1
DA:245,1
LF:71
LH:57
BRDA:32,0,0,2
BRDA:32,1,0,2
BRDA:32,2,0,15
BRDA:35,3,0,0
BRDA:35,3,1,15
BRDA:35,4,0,15
BRDA:35,4,1,15
BRDA:39,5,0,2
BRDA:39,5,1,13
BRDA:39,6,0,15
BRDA:39,6,1,15
BRDA:39,6,2,14
BRDA:39,6,3,13
BRDA:63,7,0,2
BRDA:63,7,1,11
BRDA:63,8,0,13
BRDA:63,8,1,13
BRDA:68,9,0,0
BRDA:68,9,1,13
BRDA:79,10,0,0
BRDA:79,10,1,0
BRDA:109,11,0,0
BRDA:109,11,1,0
BRDA:109,12,0,0
BRDA:109,12,1,0
BRDA:116,13,0,0
BRDA:116,13,1,0
BRDA:135,14,0,1
BRDA:135,14,1,2
BRDA:135,15,0,3
BRDA:135,15,1,1
BRDA:159,16,0,0
BRDA:159,16,1,2
BRDA:201,17,0,5
BRDA:201,17,1,7
BRDA:211,18,0,0
BRDA:211,18,1,1
BRDA:211,19,0,1
BRDA:211,19,1,1
BRF:39
BRH:27
end_of_record
TN:
SF:src\sensors\GPSPublisher.js
FN:22,(anonymous_0)
FN:48,(anonymous_1)
FN:55,(anonymous_2)
FN:57,(anonymous_3)
FN:62,(anonymous_4)
FN:76,(anonymous_5)
FN:93,(anonymous_6)
FN:105,(anonymous_7)
FN:128,(anonymous_8)
FNF:9
FNH:8
FNDA:9,(anonymous_0)
FNDA:9,(anonymous_1)
FNDA:7,(anonymous_2)
FNDA:3,(anonymous_3)
FNDA:0,(anonymous_4)
FNDA:2,(anonymous_5)
FNDA:5,(anonymous_6)
FNDA:3,(anonymous_7)
FNDA:1,(anonymous_8)
DA:1,1
DA:2,1
DA:23,9
DA:25,9
DA:30,9
DA:36,9
DA:39,9
DA:40,1
DA:49,9
DA:57,7
DA:58,3
DA:62,7
DA:63,0
DA:66,7
DA:70,7
DA:77,2
DA:79,2
DA:94,5
DA:107,3
DA:108,1
DA:112,2
DA:113,2
DA:115,2
DA:116,2
DA:129,1
DA:130,1
DA:131,1
DA:132,1
DA:134,1
DA:138,1
LF:30
LH:29
BRDA:22,0,0,1
BRDA:39,1,0,1
BRDA:39,1,1,8
BRDA:107,2,0,1
BRDA:107,2,1,2
BRF:5
BRH:5
end_of_record
TN:
SF:src\sensors\IMUPublisher.js
FN:24,(anonymous_0)
FN:58,(anonymous_1)
FN:60,(anonymous_2)
FN:66,(anonymous_3)
FN:81,(anonymous_4)
FN:84,(anonymous_5)
FN:89,(anonymous_6)
FN:99,(anonymous_7)
FN:102,(anonymous_8)
FN:109,(anonymous_9)
FN:126,(anonymous_10)
FN:137,(anonymous_11)
FN:160,(anonymous_12)
FN:216,(anonymous_13)
FNF:14
FNH:8
FNDA:15,(anonymous_0)
FNDA:6,(anonymous_1)
FNDA:0,(anonymous_2)
FNDA:0,(anonymous_3)
FNDA:2,(anonymous_4)
FNDA:0,(anonymous_5)
FNDA:0,(anonymous_6)
FNDA:2,(anonymous_7)
FNDA:0,(anonymous_8)
FNDA:0,(anonymous_9)
FNDA:1,(anonymous_10)
FNDA:1,(anonymous_11)
FNDA:6,(anonymous_12)
FNDA:2,(anonymous_13)
DA:8,1
DA:9,1
DA:10,1
DA:26,15
DA:28,15
DA:32,15
DA:33,15
DA:36,15
DA:37,15
DA:38,15
DA:40,15
DA:41,15
DA:42,15
DA:50,15
DA:51,2
DA:60,6
DA:61,0
DA:62,0
DA:65,6
DA:66,1
DA:67,0
DA:68,0
DA:72,5
DA:75,6
DA:82,2
DA:84,2
DA:85,0
DA:86,0
DA:89,2
DA:90,0
DA:91,0
DA:100,2
DA:101,2
DA:102,2
DA:103,0
DA:105,0
DA:109,0
DA:110,0
DA:111,0
DA:112,0
DA:114,0
DA:119,2
DA:127,1
DA:128,1
DA:129,1
DA:130,1
DA:138,1
DA:139,1
DA:142,1
DA:143,1
DA:144,1
DA:147,1
DA:148,1
DA:149,1
DA:151,1
DA:162,6
DA:163,6
DA:164,6
DA:167,6
DA:172,6
DA:203,6
DA:204,6
DA:217,2
DA:218,2
DA:219,2
DA:220,2
DA:222,2
DA:226,1
LF:68
LH:53
BRDA:24,0,0,15
BRDA:50,1,0,2
BRDA:50,1,1,13
BRDA:50,2,0,15
BRDA:50,2,1,15
BRDA:61,3,0,0
BRDA:61,3,1,0
BRDA:65,4,0,1
BRDA:65,4,1,5
BRDA:67,5,0,0
BRDA:67,5,1,0
BRDA:85,6,0,0
BRDA:85,6,1,0
BRDA:90,7,0,0
BRDA:90,7,1,0
BRDA:103,8,0,0
BRDA:103,8,1,0
BRDA:103,9,0,0
BRDA:103,9,1,0
BRDA:110,10,0,0
BRDA:110,10,1,0
BRDA:185,11,0,4
BRDA:185,11,1,2
BRDA:192,12,0,4
BRDA:192,12,1,2
BRDA:198,13,0,4
BRDA:198,13,1,2
BRF:27
BRH:13
end_of_record
TN:
SF:src\sensors\IntervalPublisher.js
FN:22,(anonymous_0)
FN:38,(anonymous_1)
FN:49,(anonymous_2)
FN:59,(anonymous_3)
FN:76,(anonymous_4)
FNF:5
FNH:5
FNDA:82,(anonymous_0)
FNDA:36,(anonymous_1)
FNDA:15,(anonymous_2)
FNDA:21,(anonymous_3)
FNDA:18,(anonymous_4)
DA:4,1
DA:6,1
DA:23,82
DA:25,82
DA:26,1
DA:29,81
DA:31,81
DA:32,81
DA:39,36
DA:40,36
DA:41,36
DA:43,36
DA:50,15
DA:52,15
DA:60,21
DA:61,1
DA:63,20
DA:64,1
DA:67,19
DA:69,19
DA:77,18
DA:78,1
DA:82,17
DA:84,17
DA:85,14
DA:86,14
DA:91,1
LF:27
LH:27
BRDA:22,0,0,13
BRDA:25,1,0,1
BRDA:25,1,1,81
BRDA:60,2,0,1
BRDA:60,2,1,20
BRDA:63,3,0,1
BRDA:63,3,1,19
BRDA:77,4,0,1
BRDA:77,4,1,17
BRDA:84,5,0,14
BRDA:84,5,1,3
BRF:11
BRH:11
end_of_record
TN:
SF:src\sensors\SensorPublisher.js
FN:11,(anonymous_0)
FN:46,(anonymous_1)
FN:56,(anonymous_2)
FN:70,(anonymous_3)
FNF:4
FNH:3
FNDA:133,(anonymous_0)
FNDA:73,(anonymous_1)
FNDA:23,(anonymous_2)
FNDA:0,(anonymous_3)
DA:12,133
DA:13,2
DA:15,131
DA:16,2
DA:22,129
DA:27,129
DA:32,129
DA:40,129
DA:47,73
DA:48,1
DA:50,72
DA:57,23
DA:58,2
DA:60,21
DA:71,0
DA:75,1
LF:16
LH:15
BRDA:12,0,0,2
BRDA:12,0,1,131
BRDA:15,1,0,2
BRDA:15,1,1,129
BRDA:47,2,0,1
BRDA:47,2,1,72
BRDA:57,3,0,2
BRDA:57,3,1,21
BRF:8
BRH:8
end_of_record
TN:
SF:src\sensors\SliderPublisher.js
FN:19,(anonymous_0)
FN:42,(anonymous_1)
FNF:2
FNH:2
FNDA:8,(anonymous_0)
FNDA:4,(anonymous_1)
DA:1,1
DA:20,8
DA:22,8
DA:23,2
DA:26,6
DA:27,1
DA:30,5
DA:35,5
DA:43,4
DA:45,4
DA:48,4
DA:49,4
DA:53,1
LF:13
LH:13
BRDA:19,0,0,8
BRDA:22,1,0,2
BRDA:22,1,1,6
BRDA:26,2,0,1
BRDA:26,2,1,5
BRF:5
BRH:5
end_of_record
TN:
SF:src\sensors\TextPublisher.js
FN:22,(anonymous_0)
FN:46,(anonymous_1)
FN:50,(anonymous_2)
FN:67,(anonymous_3)
FN:76,(anonymous_4)
FN:89,(anonymous_5)
FN:102,(anonymous_6)
FNF:7
FNH:6
FNDA:12,(anonymous_0)
FNDA:1,(anonymous_1)
FNDA:4,(anonymous_2)
FNDA:0,(anonymous_3)
FNDA:9,(anonymous_4)
FNDA:1,(anonymous_5)
FNDA:4,(anonymous_6)
DA:1,1
DA:23,12
DA:25,12
DA:28,12
DA:29,12
DA:30,12
DA:32,12
DA:33,2
DA:36,10
DA:38,0
DA:44,10
DA:46,10
DA:47,1
DA:50,10
DA:51,4
DA:52,3
DA:68,0
DA:77,9
DA:78,7
DA:80,2
DA:83,9
DA:90,1
DA:92,1
DA:93,1
DA:95,0
DA:103,4
DA:107,4
DA:109,4
DA:110,3
DA:115,1
LF:30
LH:27
BRDA:28,0,0,9
BRDA:28,0,1,3
BRDA:29,1,0,10
BRDA:29,1,1,2
BRDA:30,2,0,11
BRDA:30,2,1,1
BRDA:32,3,0,2
BRDA:32,3,1,10
BRDA:36,4,0,0
BRDA:36,4,1,10
BRDA:36,5,0,10
BRDA:36,5,1,1
BRDA:51,6,0,3
BRDA:51,6,1,1
BRDA:77,7,0,7
BRDA:77,7,1,2
BRDA:92,8,0,1
BRDA:92,8,1,0
BRDA:109,9,0,3
BRDA:109,9,1,1
BRF:20
BRH:18
end_of_record
TN:
SF:src\util\MathUtils.js
FN:8,quatFromEuler
FNF:1
FNH:1
FNDA:6,quatFromEuler
DA:16,6
DA:17,6
DA:19,6
DA:20,6
DA:21,6
DA:23,6
DA:24,6
DA:25,6
DA:28,6
DA:29,6
DA:30,6
DA:31,6
DA:33,6
DA:36,1
LF:14
LH:14
BRF:0
BRH:0
end_of_record
TN:
SF:src\util\documentUtils.js
FN:27,tryPublishElement
FN:82,publishChildElements
FNF:2
FNH:2
FNDA:13,tryPublishElement
FNDA:11,publishChildElements
DA:1,1
DA:2,1
DA:3,1
DA:4,1
DA:5,1
DA:6,1
DA:28,13
DA:31,13
DA:32,2
DA:35,10
DA:36,0
DA:41,10
DA:43,5
DA:44,5
DA:46,3
DA:47,1
DA:48,2
DA:49,1
DA:50,1
DA:51,1
DA:53,3
DA:55,1
DA:56,1
DA:58,1
DA:62,10
DA:63,10
DA:64,0
DA:67,10
DA:68,10
DA:84,11
DA:86,11
DA:87,1
DA:90,10
DA:91,1
DA:94,9
DA:95,1
DA:99,8
DA:100,0
DA:104,8
DA:105,5
DA:107,5
DA:108,5
DA:111,8
DA:114,1
LF:44
LH:41
BRDA:31,0,0,2
BRDA:31,0,1,10
BRDA:35,1,0,0
BRDA:35,1,1,10
BRDA:41,2,0,5
BRDA:41,2,1,3
BRDA:41,2,2,1
BRDA:41,2,3,1
BRDA:46,3,0,1
BRDA:46,3,1,2
BRDA:46,4,0,3
BRDA:46,4,1,3
BRDA:48,5,0,1
BRDA:48,5,1,1
BRDA:48,6,0,2
BRDA:48,6,1,2
BRDA:50,7,0,1
BRDA:50,7,1,0
BRDA:50,8,0,1
BRDA:50,8,1,1
BRDA:63,9,0,0
BRDA:63,9,1,10
BRDA:84,10,0,11
BRDA:84,10,1,5
BRDA:86,11,0,1
BRDA:86,11,1,10
BRDA:90,12,0,1
BRDA:90,12,1,9
BRDA:94,13,0,1
BRDA:94,13,1,8
BRDA:99,14,0,0
BRDA:99,14,1,8
BRF:32
BRH:28
end_of_record
TN:
SF:src\util\mirteUtil.js
FN:27,readSensorsFromConfig
FNF:1
FNH:1
FNDA:4,readSensorsFromConfig
DA:1,1
DA:2,1
DA:3,1
DA:4,1
DA:5,1
DA:12,1
DA:28,4
DA:32,4
DA:33,20
DA:36,20
DA:37,18
DA:41,2
DA:42,2
DA:43,2
DA:44,2
DA:47,4
DA:51,1
LF:17
LH:17
BRDA:36,0,0,18
BRDA:36,0,1,2
BRF:2
BRH:2
end_of_record
